<?xml version="1.0" encoding="UTF-8"?>
<!-- Generated by org.testng.reporters.JUnitReportReporter -->
<testsuite hostname="DESKTOP-T1OTQ1E" failures="0" tests="1" name="com.qa.testng.Groupbrower" time="40.999" errors="0" timestamp="2022-08-24T23:17:14 IST" skipped="0">
  <testcase classname="com.qa.testng.Groupbrower" name="starting_point" time="40.999"/>
  <system-out/>
</testsuite> <!-- com.qa.testng.Groupbrower -->
