<?xml version="1.0" encoding="UTF-8"?>
<!-- Generated by org.testng.reporters.JUnitReportReporter -->
<testsuite hostname="DESKTOP-T1OTQ1E" failures="0" tests="6" name="com.qa.testng.Group" time="0.053" errors="0" timestamp="2022-08-24T22:50:09 IST" skipped="0">
  <testcase classname="com.qa.testng.Group" name="CreateUser" time="0.024"/>
  <system-out>
    <![CDATA[CreateUser]]>
  </system-out>
  <testcase classname="com.qa.testng.Group" name="createProduct" time="0.006"/>
  <system-out>
    <![CDATA[createProduct]]>
  </system-out>
  <testcase classname="com.qa.testng.Group" name="editProduct" time="0.003"/>
  <system-out>
    <![CDATA[editProduct]]>
  </system-out>
  <testcase classname="com.qa.testng.Group" name="editUser" time="0.003"/>
  <system-out>
    <![CDATA[editUser]]>
  </system-out>
  <testcase classname="com.qa.testng.Group" name="deleteProduct" time="0.003"/>
  <system-out>
    <![CDATA[deleteProduct]]>
  </system-out>
  <testcase classname="com.qa.testng.Group" name="deleteUser" time="0.014"/>
  <system-out>
    <![CDATA[deleteUser]]>
  </system-out>
</testsuite> <!-- com.qa.testng.Group -->
